[1] "Computed Document Term Matrix, Term-Frequency"
A document-term matrix (2542 documents, 7385 terms)

Non-/sparse entries: 106450/18666220
Sparsity           : 99%
Maximal term length: 29 
Weighting          : term frequency (tf)

[1] "Summary Stats of (Total) Term Occurrences in the Corpus"
   Min. 1st Qu.  Median    Mean 3rd Qu.    Max. 
   1.00    1.00    2.00   19.56    6.00 5505.00 
[1] "Run: Falling  Terms: blog, content, databas, ontolog, project, technolog"
[1] "Period:  2005-01-01 <= T < 2006-01-01"
[1] "326 documents in period"
[1] "Frequences (%):"
      blog    content    databas    ontolog    project  technolog 
0.02143393 0.70731969 0.12860358 0.16611296 0.29471654 0.63230093 
[1] "Document fraction (%):"
      blog    content    databas    ontolog    project  technolog 
 0.9202454 19.9386503  4.9079755  3.3742331  9.8159509 24.8466258 
[1] "Subjectivity:"
      blog    content    databas    ontolog    project  technolog 
0.09307190 0.08307313 0.10373804 0.09831499 0.08684249 0.08426085 
[1] "Period:  2006-01-01 <= T < 2007-01-01"
[1] "441 documents in period"
[1] "Frequences (%):"
      blog    content    databas    ontolog    project  technolog 
0.03415009 0.55493896 0.08537522 0.25612567 0.35857594 0.56774524 
[1] "Document fraction (%):"
      blog    content    databas    ontolog    project  technolog 
 0.6802721 18.8208617  2.2675737  7.0294785 13.1519274 21.7687075 
[1] "Subjectivity:"
      blog    content    databas    ontolog    project  technolog 
0.11158192 0.08745503 0.10422868 0.10818584 0.09620724 0.10225157 
[1] "Period:  2007-01-01 <= T < 2008-01-01"
[1] "394 documents in period"
[1] "Frequences (%):"
      blog    content    databas    ontolog    project  technolog 
0.06611425 0.59502821 0.08815233 0.26004937 0.26004937 0.71403385 
[1] "Document fraction (%):"
     blog   content   databas   ontolog   project technolog 
 1.522843 19.035533  2.791878  7.106599  8.375635 27.411168 
[1] "Subjectivity:"
      blog    content    databas    ontolog    project  technolog 
0.07362738 0.09159619 0.08581941 0.09291643 0.09182932 0.10013781 
[1] "Period:  2008-01-01 <= T < 2009-01-01"
[1] "419 documents in period"
[1] "Frequences (%):"
      blog    content    databas    ontolog    project  technolog 
0.03432003 0.59631060 0.05577006 0.12441012 0.16731017 0.73788074 
[1] "Document fraction (%):"
     blog   content   databas   ontolog   project technolog 
 1.431981 15.751790  2.625298  4.295943  7.875895 25.059666 
[1] "Subjectivity:"
      blog    content    databas    ontolog    project  technolog 
0.07734039 0.10474105 0.08675714 0.08666666 0.10243982 0.10301618 
[1] "Period:  2009-01-01 <= T < 2010-01-01"
[1] "381 documents in period"
[1] "Frequences (%):"
      blog    content    databas    ontolog    project  technolog 
0.13010319 0.34544639 0.01794527 0.15253477 0.41274114 0.69089278 
[1] "Document fraction (%):"
     blog   content   databas   ontolog   project technolog 
 1.574803 13.910761  1.049869  3.937008 15.223097 24.934383 
[1] "Subjectivity:"
      blog    content    databas    ontolog    project  technolog 
0.09099502 0.09947085 0.10097916 0.10494537 0.09496054 0.10449543 
[1] "Period:  2010-01-01 <= T < 2011-01-01"
[1] "328 documents in period"
[1] "Frequences (%):"
      blog    content    databas    ontolog    project  technolog 
0.01062248 0.35054175 0.01062248 0.10622477 0.16995963 0.49925643 
[1] "Document fraction (%):"
      blog    content    databas    ontolog    project  technolog 
 0.6097561 13.4146341  0.6097561  5.1829268  7.6219512 18.5975610 
[1] "Subjectivity:"
      blog    content    databas    ontolog    project  technolog 
0.07634033 0.09375967 0.13704082 0.10875127 0.09393412 0.10775224 
[1] "http://arc12.github.com/Text-Mining-Weak-Signals-Output/History%2520Visualiser/Union%20B%202005%20to%202010/Falling%20gadget.xml"
[1] "http%3a%2f%2farc12.github.com%2fText-Mining-Weak-Signals-Output%2fHistory%2520Visualiser%2fUnion%20B%202005%20to%202010%2fFalling%20gadget.xml"
